<?xml version="1.0" encoding="UTF-8"?>
<testsuite xmlns:xsi="http://www.w3.org/2001/XMLSchema-instance" xsi:noNamespaceSchemaLocation="https://maven.apache.org/surefire/maven-surefire-plugin/xsd/surefire-test-report.xsd" version="3.0.2" name="hhh.meal.MealServiceIntegrationTest" time="11.651" tests="3" errors="0" skipped="0" failures="0">
  <properties>
[...]
</properties>
  <testcase name="testAddMealToCatalogSuccessfully" classname="hhh.meal.MealServiceIntegrationTest" time="1.301">
    <system-out><![CDATA[21:31:57.193 [main] INFO org.springframework.test.context.support.AnnotationConfigContextLoaderUtils -- Could not detect default configuration classes for test class [hhh.meal.MealServiceIntegrationTest]: MealServiceIntegrationTest does not declare any static, non-private, non-final, nested classes annotated with @Configuration.
21:31:57.329 [main] INFO org.springframework.boot.test.context.SpringBootTestContextBootstrapper -- Found @SpringBootConfiguration hhh.Application for test class hhh.meal.MealServiceIntegrationTest
21:31:57.578 [main] INFO org.springframework.boot.devtools.restart.RestartApplicationListener -- Restart disabled due to context in which it is running

  .   ____          _            __ _ _
 /\\ / ___'_ __ _ _(_)_ __  __ _ \ \ \ \
( ( )\___ | '_ | '_| | '_ \/ _` | \ \ \ \
 \\/  ___)| |_)| | | | | || (_| |  ) ) ) )
  '  |____| .__|_| |_|_| |_\__, | / / / /
 =========|_|==============|___/=/_/_/_/

 :: Spring Boot ::                (v3.4.3)

2025-09-09T21:31:57.850+03:00  INFO 24104 --- [My Meal Meter] [           main] hhh.meal.MealServiceIntegrationTest      : Starting MealServiceIntegrationTest using Java 21.0.6 with PID 24104 (started by lucky in D:\Programming\JavaWebAdvancedExam)
2025-09-09T21:31:57.852+03:00  INFO 24104 --- [My Meal Meter] [           main] hhh.meal.MealServiceIntegrationTest      : The following 1 profile is active: "test"
2025-09-09T21:31:58.954+03:00  INFO 24104 --- [My Meal Meter] [           main] .s.d.r.c.RepositoryConfigurationDelegate : Bootstrapping Spring Data JPA repositories in DEFAULT mode.
2025-09-09T21:31:59.019+03:00  INFO 24104 --- [My Meal Meter] [           main] .s.d.r.c.RepositoryConfigurationDelegate : Finished Spring Data repository scanning in 57 ms. Found 8 JPA repository interfaces.
2025-09-09T21:31:59.243+03:00  INFO 24104 --- [My Meal Meter] [           main] o.s.cloud.context.scope.GenericScope     : BeanFactory id=e09cce31-149d-33a8-ad30-133322102118
2025-09-09T21:31:59.829+03:00  INFO 24104 --- [My Meal Meter] [           main] com.zaxxer.hikari.HikariDataSource       : HikariPool-1 - Starting...
2025-09-09T21:32:00.087+03:00  INFO 24104 --- [My Meal Meter] [           main] com.zaxxer.hikari.pool.HikariPool        : HikariPool-1 - Added connection conn0: url=jdbc:h2:mem:testdb user=SA
2025-09-09T21:32:00.091+03:00  INFO 24104 --- [My Meal Meter] [           main] com.zaxxer.hikari.HikariDataSource       : HikariPool-1 - Start completed.
2025-09-09T21:32:00.421+03:00  INFO 24104 --- [My Meal Meter] [           main] o.hibernate.jpa.internal.util.LogHelper  : HHH000204: Processing PersistenceUnitInfo [name: default]
2025-09-09T21:32:00.512+03:00  INFO 24104 --- [My Meal Meter] [           main] org.hibernate.Version                    : HHH000412: Hibernate ORM core version 6.6.8.Final
2025-09-09T21:32:00.574+03:00  INFO 24104 --- [My Meal Meter] [           main] o.h.c.internal.RegionFactoryInitiator    : HHH000026: Second-level cache disabled
2025-09-09T21:32:00.686+03:00  INFO 24104 --- [My Meal Meter] [           main] o.s.o.j.p.SpringPersistenceUnitInfo      : No LoadTimeWeaver setup: ignoring JPA class transformer
2025-09-09T21:32:00.720+03:00  WARN 24104 --- [My Meal Meter] [           main] org.hibernate.orm.deprecation            : HHH90000025: MySQL8Dialect does not need to be specified explicitly using 'hibernate.dialect' (remove the property setting and it will be selected by default)
2025-09-09T21:32:00.720+03:00  WARN 24104 --- [My Meal Meter] [           main] org.hibernate.orm.deprecation            : HHH90000026: MySQL8Dialect has been deprecated; use org.hibernate.dialect.MySQLDialect instead
2025-09-09T21:32:00.733+03:00  INFO 24104 --- [My Meal Meter] [           main] org.hibernate.orm.connections.pooling    : HHH10001005: Database info:
	Database JDBC URL [Connecting through datasource 'HikariDataSource (HikariPool-1)']
	Database driver: undefined/unknown
	Database version: 8.0
	Autocommit mode: undefined/unknown
	Isolation level: undefined/unknown
	Minimum pool size: undefined/unknown
	Maximum pool size: undefined/unknown
2025-09-09T21:32:01.433+03:00  INFO 24104 --- [My Meal Meter] [           main] o.h.e.t.j.p.i.JtaPlatformInitiator       : HHH000489: No JTA platform available (set 'hibernate.transaction.jta.platform' to enable JTA platform integration)
2025-09-09T21:32:01.483+03:00  INFO 24104 --- [My Meal Meter] [           main] j.LocalContainerEntityManagerFactoryBean : Initialized JPA EntityManagerFactory for persistence unit 'default'
2025-09-09T21:32:02.367+03:00  WARN 24104 --- [My Meal Meter] [           main] JpaBaseConfiguration$JpaWebConfiguration : spring.jpa.open-in-view is enabled by default. Therefore, database queries may be performed during view rendering. Explicitly configure spring.jpa.open-in-view to disable this warning
2025-09-09T21:32:02.767+03:00  INFO 24104 --- [My Meal Meter] [           main] o.s.d.j.r.query.QueryEnhancerFactory     : Hibernate is in classpath; If applicable, HQL parser will be used.
2025-09-09T21:32:03.533+03:00  INFO 24104 --- [My Meal Meter] [           main] r$InitializeUserDetailsManagerConfigurer : Global AuthenticationManager configured with UserDetailsService bean with name userService
2025-09-09T21:32:03.633+03:00  INFO 24104 --- [My Meal Meter] [           main] o.s.b.a.w.s.WelcomePageHandlerMapping    : Adding welcome page template: index
2025-09-09T21:32:04.128+03:00  INFO 24104 --- [My Meal Meter] [           main] o.s.b.a.e.web.EndpointLinksResolver      : Exposing 1 endpoint beneath base path '/actuator'
2025-09-09T21:32:04.635+03:00  INFO 24104 --- [My Meal Meter] [           main] o.s.b.a.h2.H2ConsoleAutoConfiguration    : H2 console available at '/h2-console'. Database available at 'jdbc:h2:mem:testdb'
2025-09-09T21:32:04.783+03:00  INFO 24104 --- [My Meal Meter] [           main] hhh.meal.MealServiceIntegrationTest      : Started MealServiceIntegrationTest in 7.216 seconds (process running for 9.864)
2025-09-09T21:32:05.093+03:00  INFO 24104 --- [My Meal Meter] [           main] j.LocalContainerEntityManagerFactoryBean : Closing JPA EntityManagerFactory for persistence unit 'default'
2025-09-09T21:32:05.094+03:00  INFO 24104 --- [My Meal Meter] [           main] com.zaxxer.hikari.HikariDataSource       : HikariPool-1 - Shutdown initiated...
2025-09-09T21:32:05.096+03:00  INFO 24104 --- [My Meal Meter] [           main] com.zaxxer.hikari.HikariDataSource       : HikariPool-1 - Shutdown completed.
2025-09-09T21:32:05.097+03:00  INFO 24104 --- [My Meal Meter] [           main] o.s.b.d.r.RestartApplicationListener     : Restart disabled due to context in which it is running

  .   ____          _            __ _ _
 /\\ / ___'_ __ _ _(_)_ __  __ _ \ \ \ \
( ( )\___ | '_ | '_| | '_ \/ _` | \ \ \ \
 \\/  ___)| |_)| | | | | || (_| |  ) ) ) )
  '  |____| .__|_| |_|_| |_\__, | / / / /
 =========|_|==============|___/=/_/_/_/

 :: Spring Boot ::                (v3.4.3)

2025-09-09T21:32:05.119+03:00  INFO 24104 --- [My Meal Meter] [           main] hhh.meal.MealServiceIntegrationTest      : Starting MealServiceIntegrationTest using Java 21.0.6 with PID 24104 (started by lucky in D:\Programming\JavaWebAdvancedExam)
2025-09-09T21:32:05.120+03:00  INFO 24104 --- [My Meal Meter] [           main] hhh.meal.MealServiceIntegrationTest      : The following 1 profile is active: "test"
2025-09-09T21:32:05.333+03:00  INFO 24104 --- [My Meal Meter] [           main] .s.d.r.c.RepositoryConfigurationDelegate : Bootstrapping Spring Data JPA repositories in DEFAULT mode.
2025-09-09T21:32:05.355+03:00  INFO 24104 --- [My Meal Meter] [           main] .s.d.r.c.RepositoryConfigurationDelegate : Finished Spring Data repository scanning in 20 ms. Found 8 JPA repository interfaces.
2025-09-09T21:32:05.388+03:00  INFO 24104 --- [My Meal Meter] [           main] o.s.cloud.context.scope.GenericScope     : BeanFactory id=e09cce31-149d-33a8-ad30-133322102118
2025-09-09T21:32:05.466+03:00  INFO 24104 --- [My Meal Meter] [           main] com.zaxxer.hikari.HikariDataSource       : HikariPool-2 - Starting...
2025-09-09T21:32:05.468+03:00  INFO 24104 --- [My Meal Meter] [           main] com.zaxxer.hikari.pool.HikariPool        : HikariPool-2 - Added connection conn10: url=jdbc:h2:mem:testdb user=SA
2025-09-09T21:32:05.469+03:00  INFO 24104 --- [My Meal Meter] [           main] com.zaxxer.hikari.HikariDataSource       : HikariPool-2 - Start completed.
2025-09-09T21:32:05.495+03:00  INFO 24104 --- [My Meal Meter] [           main] o.hibernate.jpa.internal.util.LogHelper  : HHH000204: Processing PersistenceUnitInfo [name: default]
2025-09-09T21:32:05.497+03:00  INFO 24104 --- [My Meal Meter] [           main] o.h.c.internal.RegionFactoryInitiator    : HHH000026: Second-level cache disabled
2025-09-09T21:32:05.503+03:00  INFO 24104 --- [My Meal Meter] [           main] o.s.o.j.p.SpringPersistenceUnitInfo      : No LoadTimeWeaver setup: ignoring JPA class transformer
2025-09-09T21:32:05.504+03:00  WARN 24104 --- [My Meal Meter] [           main] org.hibernate.orm.deprecation            : HHH90000025: MySQL8Dialect does not need to be specified explicitly using 'hibernate.dialect' (remove the property setting and it will be selected by default)
2025-09-09T21:32:05.504+03:00  WARN 24104 --- [My Meal Meter] [           main] org.hibernate.orm.deprecation            : HHH90000026: MySQL8Dialect has been deprecated; use org.hibernate.dialect.MySQLDialect instead
2025-09-09T21:32:05.504+03:00  INFO 24104 --- [My Meal Meter] [           main] org.hibernate.orm.connections.pooling    : HHH10001005: Database info:
	Database JDBC URL [Connecting through datasource 'HikariDataSource (HikariPool-2)']
	Database driver: undefined/unknown
	Database version: 8.0
	Autocommit mode: undefined/unknown
	Isolation level: undefined/unknown
	Minimum pool size: undefined/unknown
	Maximum pool size: undefined/unknown
2025-09-09T21:32:05.621+03:00  INFO 24104 --- [My Meal Meter] [           main] o.h.e.t.j.p.i.JtaPlatformInitiator       : HHH000489: No JTA platform available (set 'hibernate.transaction.jta.platform' to enable JTA platform integration)
2025-09-09T21:32:05.633+03:00  INFO 24104 --- [My Meal Meter] [           main] j.LocalContainerEntityManagerFactoryBean : Initialized JPA EntityManagerFactory for persistence unit 'default'
2025-09-09T21:32:05.760+03:00  WARN 24104 --- [My Meal Meter] [           main] JpaBaseConfiguration$JpaWebConfiguration : spring.jpa.open-in-view is enabled by default. Therefore, database queries may be performed during view rendering. Explicitly configure spring.jpa.open-in-view to disable this warning
2025-09-09T21:32:05.873+03:00  INFO 24104 --- [My Meal Meter] [           main] r$InitializeUserDetailsManagerConfigurer : Global AuthenticationManager configured with UserDetailsService bean with name userService
2025-09-09T21:32:05.884+03:00  INFO 24104 --- [My Meal Meter] [           main] o.s.b.a.w.s.WelcomePageHandlerMapping    : Adding welcome page template: index
2025-09-09T21:32:06.026+03:00  INFO 24104 --- [My Meal Meter] [           main] o.s.b.a.e.web.EndpointLinksResolver      : Exposing 1 endpoint beneath base path '/actuator'
2025-09-09T21:32:06.193+03:00  INFO 24104 --- [My Meal Meter] [           main] o.s.b.a.h2.H2ConsoleAutoConfiguration    : H2 console available at '/h2-console'. Database available at 'jdbc:h2:mem:testdb'
2025-09-09T21:32:06.254+03:00  INFO 24104 --- [My Meal Meter] [           main] hhh.meal.MealServiceIntegrationTest      : Started MealServiceIntegrationTest in 1.157 seconds (process running for 11.334)
]]></system-out>
  </testcase>
  <testcase name="testGetMealById" classname="hhh.meal.MealServiceIntegrationTest" time="1.087">
    <system-out><![CDATA[2025-09-09T21:32:06.389+03:00  INFO 24104 --- [My Meal Meter] [           main] j.LocalContainerEntityManagerFactoryBean : Closing JPA EntityManagerFactory for persistence unit 'default'
2025-09-09T21:32:06.389+03:00  INFO 24104 --- [My Meal Meter] [           main] com.zaxxer.hikari.HikariDataSource       : HikariPool-2 - Shutdown initiated...
2025-09-09T21:32:06.393+03:00  INFO 24104 --- [My Meal Meter] [           main] com.zaxxer.hikari.HikariDataSource       : HikariPool-2 - Shutdown completed.
2025-09-09T21:32:06.395+03:00  INFO 24104 --- [My Meal Meter] [           main] o.s.b.d.r.RestartApplicationListener     : Restart disabled due to context in which it is running

  .   ____          _            __ _ _
 /\\ / ___'_ __ _ _(_)_ __  __ _ \ \ \ \
( ( )\___ | '_ | '_| | '_ \/ _` | \ \ \ \
 \\/  ___)| |_)| | | | | || (_| |  ) ) ) )
  '  |____| .__|_| |_|_| |_\__, | / / / /
 =========|_|==============|___/=/_/_/_/

 :: Spring Boot ::                (v3.4.3)

2025-09-09T21:32:06.415+03:00  INFO 24104 --- [My Meal Meter] [           main] hhh.meal.MealServiceIntegrationTest      : Starting MealServiceIntegrationTest using Java 21.0.6 with PID 24104 (started by lucky in D:\Programming\JavaWebAdvancedExam)
2025-09-09T21:32:06.415+03:00  INFO 24104 --- [My Meal Meter] [           main] hhh.meal.MealServiceIntegrationTest      : The following 1 profile is active: "test"
2025-09-09T21:32:06.609+03:00  INFO 24104 --- [My Meal Meter] [           main] .s.d.r.c.RepositoryConfigurationDelegate : Bootstrapping Spring Data JPA repositories in DEFAULT mode.
2025-09-09T21:32:06.630+03:00  INFO 24104 --- [My Meal Meter] [           main] .s.d.r.c.RepositoryConfigurationDelegate : Finished Spring Data repository scanning in 19 ms. Found 8 JPA repository interfaces.
2025-09-09T21:32:06.656+03:00  INFO 24104 --- [My Meal Meter] [           main] o.s.cloud.context.scope.GenericScope     : BeanFactory id=e09cce31-149d-33a8-ad30-133322102118
2025-09-09T21:32:06.705+03:00  INFO 24104 --- [My Meal Meter] [           main] com.zaxxer.hikari.HikariDataSource       : HikariPool-3 - Starting...
2025-09-09T21:32:06.707+03:00  INFO 24104 --- [My Meal Meter] [           main] com.zaxxer.hikari.pool.HikariPool        : HikariPool-3 - Added connection conn20: url=jdbc:h2:mem:testdb user=SA
2025-09-09T21:32:06.707+03:00  INFO 24104 --- [My Meal Meter] [           main] com.zaxxer.hikari.HikariDataSource       : HikariPool-3 - Start completed.
2025-09-09T21:32:06.734+03:00  INFO 24104 --- [My Meal Meter] [           main] o.hibernate.jpa.internal.util.LogHelper  : HHH000204: Processing PersistenceUnitInfo [name: default]
2025-09-09T21:32:06.736+03:00  INFO 24104 --- [My Meal Meter] [           main] o.h.c.internal.RegionFactoryInitiator    : HHH000026: Second-level cache disabled
2025-09-09T21:32:06.742+03:00  INFO 24104 --- [My Meal Meter] [           main] o.s.o.j.p.SpringPersistenceUnitInfo      : No LoadTimeWeaver setup: ignoring JPA class transformer
2025-09-09T21:32:06.744+03:00  WARN 24104 --- [My Meal Meter] [           main] org.hibernate.orm.deprecation            : HHH90000025: MySQL8Dialect does not need to be specified explicitly using 'hibernate.dialect' (remove the property setting and it will be selected by default)
2025-09-09T21:32:06.744+03:00  WARN 24104 --- [My Meal Meter] [           main] org.hibernate.orm.deprecation            : HHH90000026: MySQL8Dialect has been deprecated; use org.hibernate.dialect.MySQLDialect instead
2025-09-09T21:32:06.744+03:00  INFO 24104 --- [My Meal Meter] [           main] org.hibernate.orm.connections.pooling    : HHH10001005: Database info:
	Database JDBC URL [Connecting through datasource 'HikariDataSource (HikariPool-3)']
	Database driver: undefined/unknown
	Database version: 8.0
	Autocommit mode: undefined/unknown
	Isolation level: undefined/unknown
	Minimum pool size: undefined/unknown
	Maximum pool size: undefined/unknown
2025-09-09T21:32:06.856+03:00  INFO 24104 --- [My Meal Meter] [           main] o.h.e.t.j.p.i.JtaPlatformInitiator       : HHH000489: No JTA platform available (set 'hibernate.transaction.jta.platform' to enable JTA platform integration)
2025-09-09T21:32:06.867+03:00  INFO 24104 --- [My Meal Meter] [           main] j.LocalContainerEntityManagerFactoryBean : Initialized JPA EntityManagerFactory for persistence unit 'default'
2025-09-09T21:32:06.978+03:00  WARN 24104 --- [My Meal Meter] [           main] JpaBaseConfiguration$JpaWebConfiguration : spring.jpa.open-in-view is enabled by default. Therefore, database queries may be performed during view rendering. Explicitly configure spring.jpa.open-in-view to disable this warning
2025-09-09T21:32:07.071+03:00  INFO 24104 --- [My Meal Meter] [           main] r$InitializeUserDetailsManagerConfigurer : Global AuthenticationManager configured with UserDetailsService bean with name userService
2025-09-09T21:32:07.080+03:00  INFO 24104 --- [My Meal Meter] [           main] o.s.b.a.w.s.WelcomePageHandlerMapping    : Adding welcome page template: index
2025-09-09T21:32:07.203+03:00  INFO 24104 --- [My Meal Meter] [           main] o.s.b.a.e.web.EndpointLinksResolver      : Exposing 1 endpoint beneath base path '/actuator'
2025-09-09T21:32:07.333+03:00  INFO 24104 --- [My Meal Meter] [           main] o.s.b.a.h2.H2ConsoleAutoConfiguration    : H2 console available at '/h2-console'. Database available at 'jdbc:h2:mem:testdb'
2025-09-09T21:32:07.385+03:00  INFO 24104 --- [My Meal Meter] [           main] hhh.meal.MealServiceIntegrationTest      : Started MealServiceIntegrationTest in 0.99 seconds (process running for 12.465)
]]></system-out>
  </testcase>
  <testcase name="testAddMealWithInvalidInputs" classname="hhh.meal.MealServiceIntegrationTest" time="1.053">
    <system-out><![CDATA[2025-09-09T21:32:07.477+03:00  INFO 24104 --- [My Meal Meter] [           main] j.LocalContainerEntityManagerFactoryBean : Closing JPA EntityManagerFactory for persistence unit 'default'
2025-09-09T21:32:07.477+03:00  INFO 24104 --- [My Meal Meter] [           main] com.zaxxer.hikari.HikariDataSource       : HikariPool-3 - Shutdown initiated...
2025-09-09T21:32:07.477+03:00  INFO 24104 --- [My Meal Meter] [           main] com.zaxxer.hikari.HikariDataSource       : HikariPool-3 - Shutdown completed.
2025-09-09T21:32:07.479+03:00  INFO 24104 --- [My Meal Meter] [           main] o.s.b.d.r.RestartApplicationListener     : Restart disabled due to context in which it is running

  .   ____          _            __ _ _
 /\\ / ___'_ __ _ _(_)_ __  __ _ \ \ \ \
( ( )\___ | '_ | '_| | '_ \/ _` | \ \ \ \
 \\/  ___)| |_)| | | | | || (_| |  ) ) ) )
  '  |____| .__|_| |_|_| |_\__, | / / / /
 =========|_|==============|___/=/_/_/_/

 :: Spring Boot ::                (v3.4.3)

2025-09-09T21:32:07.496+03:00  INFO 24104 --- [My Meal Meter] [           main] hhh.meal.MealServiceIntegrationTest      : Starting MealServiceIntegrationTest using Java 21.0.6 with PID 24104 (started by lucky in D:\Programming\JavaWebAdvancedExam)
2025-09-09T21:32:07.496+03:00  INFO 24104 --- [My Meal Meter] [           main] hhh.meal.MealServiceIntegrationTest      : The following 1 profile is active: "test"
2025-09-09T21:32:07.670+03:00  INFO 24104 --- [My Meal Meter] [           main] .s.d.r.c.RepositoryConfigurationDelegate : Bootstrapping Spring Data JPA repositories in DEFAULT mode.
2025-09-09T21:32:07.690+03:00  INFO 24104 --- [My Meal Meter] [           main] .s.d.r.c.RepositoryConfigurationDelegate : Finished Spring Data repository scanning in 18 ms. Found 8 JPA repository interfaces.
2025-09-09T21:32:07.716+03:00  INFO 24104 --- [My Meal Meter] [           main] o.s.cloud.context.scope.GenericScope     : BeanFactory id=e09cce31-149d-33a8-ad30-133322102118
2025-09-09T21:32:07.761+03:00  INFO 24104 --- [My Meal Meter] [           main] com.zaxxer.hikari.HikariDataSource       : HikariPool-4 - Starting...
2025-09-09T21:32:07.763+03:00  INFO 24104 --- [My Meal Meter] [           main] com.zaxxer.hikari.pool.HikariPool        : HikariPool-4 - Added connection conn30: url=jdbc:h2:mem:testdb user=SA
2025-09-09T21:32:07.763+03:00  INFO 24104 --- [My Meal Meter] [           main] com.zaxxer.hikari.HikariDataSource       : HikariPool-4 - Start completed.
2025-09-09T21:32:07.789+03:00  INFO 24104 --- [My Meal Meter] [           main] o.hibernate.jpa.internal.util.LogHelper  : HHH000204: Processing PersistenceUnitInfo [name: default]
2025-09-09T21:32:07.791+03:00  INFO 24104 --- [My Meal Meter] [           main] o.h.c.internal.RegionFactoryInitiator    : HHH000026: Second-level cache disabled
2025-09-09T21:32:07.796+03:00  INFO 24104 --- [My Meal Meter] [           main] o.s.o.j.p.SpringPersistenceUnitInfo      : No LoadTimeWeaver setup: ignoring JPA class transformer
2025-09-09T21:32:07.797+03:00  WARN 24104 --- [My Meal Meter] [           main] org.hibernate.orm.deprecation            : HHH90000025: MySQL8Dialect does not need to be specified explicitly using 'hibernate.dialect' (remove the property setting and it will be selected by default)
2025-09-09T21:32:07.797+03:00  WARN 24104 --- [My Meal Meter] [           main] org.hibernate.orm.deprecation            : HHH90000026: MySQL8Dialect has been deprecated; use org.hibernate.dialect.MySQLDialect instead
2025-09-09T21:32:07.798+03:00  INFO 24104 --- [My Meal Meter] [           main] org.hibernate.orm.connections.pooling    : HHH10001005: Database info:
	Database JDBC URL [Connecting through datasource 'HikariDataSource (HikariPool-4)']
	Database driver: undefined/unknown
	Database version: 8.0
	Autocommit mode: undefined/unknown
	Isolation level: undefined/unknown
	Minimum pool size: undefined/unknown
	Maximum pool size: undefined/unknown
2025-09-09T21:32:07.896+03:00  INFO 24104 --- [My Meal Meter] [           main] o.h.e.t.j.p.i.JtaPlatformInitiator       : HHH000489: No JTA platform available (set 'hibernate.transaction.jta.platform' to enable JTA platform integration)
2025-09-09T21:32:07.905+03:00  INFO 24104 --- [My Meal Meter] [           main] j.LocalContainerEntityManagerFactoryBean : Initialized JPA EntityManagerFactory for persistence unit 'default'
2025-09-09T21:32:08.009+03:00  WARN 24104 --- [My Meal Meter] [           main] JpaBaseConfiguration$JpaWebConfiguration : spring.jpa.open-in-view is enabled by default. Therefore, database queries may be performed during view rendering. Explicitly configure spring.jpa.open-in-view to disable this warning
2025-09-09T21:32:08.108+03:00  INFO 24104 --- [My Meal Meter] [           main] r$InitializeUserDetailsManagerConfigurer : Global AuthenticationManager configured with UserDetailsService bean with name userService
2025-09-09T21:32:08.115+03:00  INFO 24104 --- [My Meal Meter] [           main] o.s.b.a.w.s.WelcomePageHandlerMapping    : Adding welcome page template: index
2025-09-09T21:32:08.256+03:00  INFO 24104 --- [My Meal Meter] [           main] o.s.b.a.e.web.EndpointLinksResolver      : Exposing 1 endpoint beneath base path '/actuator'
2025-09-09T21:32:08.391+03:00  INFO 24104 --- [My Meal Meter] [           main] o.s.b.a.h2.H2ConsoleAutoConfiguration    : H2 console available at '/h2-console'. Database available at 'jdbc:h2:mem:testdb'
2025-09-09T21:32:08.440+03:00  INFO 24104 --- [My Meal Meter] [           main] hhh.meal.MealServiceIntegrationTest      : Started MealServiceIntegrationTest in 0.961 seconds (process running for 13.521)
]]></system-out>
  </testcase>
</testsuite>