<?xml version="1.0" encoding="UTF-8"?>
<testsuite xmlns:xsi="http://www.w3.org/2001/XMLSchema-instance" xsi:noNamespaceSchemaLocation="https://maven.apache.org/surefire/maven-surefire-plugin/xsd/surefire-test-report.xsd" version="3.0.2" name="hhh.upvote.UpVoteServiceIntegrationTest" time="7.795" tests="9" errors="0" skipped="0" failures="0">
  <properties>
[...]
</properties>
  <testcase name="testTopMealByUpVote" classname="hhh.upvote.UpVoteServiceIntegrationTest" time="1.046">
    <system-out><![CDATA[2025-09-09T21:32:08.947+03:00  INFO 24104 --- [My Meal Meter] [           main] t.c.s.AnnotationConfigContextLoaderUtils : Could not detect default configuration classes for test class [hhh.upvote.UpVoteServiceIntegrationTest]: UpVoteServiceIntegrationTest does not declare any static, non-private, non-final, nested classes annotated with @Configuration.
2025-09-09T21:32:08.960+03:00  INFO 24104 --- [My Meal Meter] [           main] .b.t.c.SpringBootTestContextBootstrapper : Found @SpringBootConfiguration hhh.Application for test class hhh.upvote.UpVoteServiceIntegrationTest
2025-09-09T21:32:08.966+03:00  INFO 24104 --- [My Meal Meter] [           main] j.LocalContainerEntityManagerFactoryBean : Closing JPA EntityManagerFactory for persistence unit 'default'
2025-09-09T21:32:08.966+03:00  INFO 24104 --- [My Meal Meter] [           main] com.zaxxer.hikari.HikariDataSource       : HikariPool-4 - Shutdown initiated...
2025-09-09T21:32:08.967+03:00  INFO 24104 --- [My Meal Meter] [           main] com.zaxxer.hikari.HikariDataSource       : HikariPool-4 - Shutdown completed.
2025-09-09T21:32:08.969+03:00  INFO 24104 --- [My Meal Meter] [           main] o.s.b.d.r.RestartApplicationListener     : Restart disabled due to context in which it is running

  .   ____          _            __ _ _
 /\\ / ___'_ __ _ _(_)_ __  __ _ \ \ \ \
( ( )\___ | '_ | '_| | '_ \/ _` | \ \ \ \
 \\/  ___)| |_)| | | | | || (_| |  ) ) ) )
  '  |____| .__|_| |_|_| |_\__, | / / / /
 =========|_|==============|___/=/_/_/_/

 :: Spring Boot ::                (v3.4.3)

2025-09-09T21:32:08.989+03:00  INFO 24104 --- [My Meal Meter] [           main] h.upvote.UpVoteServiceIntegrationTest    : Starting UpVoteServiceIntegrationTest using Java 21.0.6 with PID 24104 (started by lucky in D:\Programming\JavaWebAdvancedExam)
2025-09-09T21:32:08.989+03:00  INFO 24104 --- [My Meal Meter] [           main] h.upvote.UpVoteServiceIntegrationTest    : The following 1 profile is active: "test"
2025-09-09T21:32:09.178+03:00  INFO 24104 --- [My Meal Meter] [           main] .s.d.r.c.RepositoryConfigurationDelegate : Bootstrapping Spring Data JPA repositories in DEFAULT mode.
2025-09-09T21:32:09.197+03:00  INFO 24104 --- [My Meal Meter] [           main] .s.d.r.c.RepositoryConfigurationDelegate : Finished Spring Data repository scanning in 18 ms. Found 8 JPA repository interfaces.
2025-09-09T21:32:09.219+03:00  INFO 24104 --- [My Meal Meter] [           main] o.s.cloud.context.scope.GenericScope     : BeanFactory id=e09cce31-149d-33a8-ad30-133322102118
2025-09-09T21:32:09.257+03:00  INFO 24104 --- [My Meal Meter] [           main] com.zaxxer.hikari.HikariDataSource       : HikariPool-5 - Starting...
2025-09-09T21:32:09.259+03:00  INFO 24104 --- [My Meal Meter] [           main] com.zaxxer.hikari.pool.HikariPool        : HikariPool-5 - Added connection conn40: url=jdbc:h2:mem:testdb user=SA
2025-09-09T21:32:09.259+03:00  INFO 24104 --- [My Meal Meter] [           main] com.zaxxer.hikari.HikariDataSource       : HikariPool-5 - Start completed.
2025-09-09T21:32:09.288+03:00  INFO 24104 --- [My Meal Meter] [           main] o.hibernate.jpa.internal.util.LogHelper  : HHH000204: Processing PersistenceUnitInfo [name: default]
2025-09-09T21:32:09.290+03:00  INFO 24104 --- [My Meal Meter] [           main] o.h.c.internal.RegionFactoryInitiator    : HHH000026: Second-level cache disabled
2025-09-09T21:32:09.296+03:00  INFO 24104 --- [My Meal Meter] [           main] o.s.o.j.p.SpringPersistenceUnitInfo      : No LoadTimeWeaver setup: ignoring JPA class transformer
2025-09-09T21:32:09.297+03:00  WARN 24104 --- [My Meal Meter] [           main] org.hibernate.orm.deprecation            : HHH90000025: MySQL8Dialect does not need to be specified explicitly using 'hibernate.dialect' (remove the property setting and it will be selected by default)
2025-09-09T21:32:09.297+03:00  WARN 24104 --- [My Meal Meter] [           main] org.hibernate.orm.deprecation            : HHH90000026: MySQL8Dialect has been deprecated; use org.hibernate.dialect.MySQLDialect instead
2025-09-09T21:32:09.298+03:00  INFO 24104 --- [My Meal Meter] [           main] org.hibernate.orm.connections.pooling    : HHH10001005: Database info:
	Database JDBC URL [Connecting through datasource 'HikariDataSource (HikariPool-5)']
	Database driver: undefined/unknown
	Database version: 8.0
	Autocommit mode: undefined/unknown
	Isolation level: undefined/unknown
	Minimum pool size: undefined/unknown
	Maximum pool size: undefined/unknown
2025-09-09T21:32:09.396+03:00  INFO 24104 --- [My Meal Meter] [           main] o.h.e.t.j.p.i.JtaPlatformInitiator       : HHH000489: No JTA platform available (set 'hibernate.transaction.jta.platform' to enable JTA platform integration)
2025-09-09T21:32:09.406+03:00  INFO 24104 --- [My Meal Meter] [           main] j.LocalContainerEntityManagerFactoryBean : Initialized JPA EntityManagerFactory for persistence unit 'default'
2025-09-09T21:32:09.523+03:00  WARN 24104 --- [My Meal Meter] [           main] JpaBaseConfiguration$JpaWebConfiguration : spring.jpa.open-in-view is enabled by default. Therefore, database queries may be performed during view rendering. Explicitly configure spring.jpa.open-in-view to disable this warning
2025-09-09T21:32:09.611+03:00  INFO 24104 --- [My Meal Meter] [           main] r$InitializeUserDetailsManagerConfigurer : Global AuthenticationManager configured with UserDetailsService bean with name userService
2025-09-09T21:32:09.620+03:00  INFO 24104 --- [My Meal Meter] [           main] o.s.b.a.w.s.WelcomePageHandlerMapping    : Adding welcome page template: index
2025-09-09T21:32:09.709+03:00  INFO 24104 --- [My Meal Meter] [           main] o.s.b.a.e.web.EndpointLinksResolver      : Exposing 1 endpoint beneath base path '/actuator'
2025-09-09T21:32:09.838+03:00  INFO 24104 --- [My Meal Meter] [           main] o.s.b.a.h2.H2ConsoleAutoConfiguration    : H2 console available at '/h2-console'. Database available at 'jdbc:h2:mem:testdb'
2025-09-09T21:32:09.885+03:00  INFO 24104 --- [My Meal Meter] [           main] h.upvote.UpVoteServiceIntegrationTest    : Started UpVoteServiceIntegrationTest in 0.916 seconds (process running for 14.966)
]]></system-out>
  </testcase>
  <testcase name="testDownVoteNonExistingVote" classname="hhh.upvote.UpVoteServiceIntegrationTest" time="0.941">
    <system-out><![CDATA[2025-09-09T21:32:10.011+03:00  INFO 24104 --- [My Meal Meter] [           main] j.LocalContainerEntityManagerFactoryBean : Closing JPA EntityManagerFactory for persistence unit 'default'
2025-09-09T21:32:10.011+03:00  INFO 24104 --- [My Meal Meter] [           main] com.zaxxer.hikari.HikariDataSource       : HikariPool-5 - Shutdown initiated...
2025-09-09T21:32:10.011+03:00  INFO 24104 --- [My Meal Meter] [           main] com.zaxxer.hikari.HikariDataSource       : HikariPool-5 - Shutdown completed.
2025-09-09T21:32:10.013+03:00  INFO 24104 --- [My Meal Meter] [           main] o.s.b.d.r.RestartApplicationListener     : Restart disabled due to context in which it is running

  .   ____          _            __ _ _
 /\\ / ___'_ __ _ _(_)_ __  __ _ \ \ \ \
( ( )\___ | '_ | '_| | '_ \/ _` | \ \ \ \
 \\/  ___)| |_)| | | | | || (_| |  ) ) ) )
  '  |____| .__|_| |_|_| |_\__, | / / / /
 =========|_|==============|___/=/_/_/_/

 :: Spring Boot ::                (v3.4.3)

2025-09-09T21:32:10.028+03:00  INFO 24104 --- [My Meal Meter] [           main] h.upvote.UpVoteServiceIntegrationTest    : Starting UpVoteServiceIntegrationTest using Java 21.0.6 with PID 24104 (started by lucky in D:\Programming\JavaWebAdvancedExam)
2025-09-09T21:32:10.029+03:00  INFO 24104 --- [My Meal Meter] [           main] h.upvote.UpVoteServiceIntegrationTest    : The following 1 profile is active: "test"
2025-09-09T21:32:10.186+03:00  INFO 24104 --- [My Meal Meter] [           main] .s.d.r.c.RepositoryConfigurationDelegate : Bootstrapping Spring Data JPA repositories in DEFAULT mode.
2025-09-09T21:32:10.205+03:00  INFO 24104 --- [My Meal Meter] [           main] .s.d.r.c.RepositoryConfigurationDelegate : Finished Spring Data repository scanning in 17 ms. Found 8 JPA repository interfaces.
2025-09-09T21:32:10.228+03:00  INFO 24104 --- [My Meal Meter] [           main] o.s.cloud.context.scope.GenericScope     : BeanFactory id=e09cce31-149d-33a8-ad30-133322102118
2025-09-09T21:32:10.261+03:00  INFO 24104 --- [My Meal Meter] [           main] com.zaxxer.hikari.HikariDataSource       : HikariPool-6 - Starting...
2025-09-09T21:32:10.263+03:00  INFO 24104 --- [My Meal Meter] [           main] com.zaxxer.hikari.pool.HikariPool        : HikariPool-6 - Added connection conn50: url=jdbc:h2:mem:testdb user=SA
2025-09-09T21:32:10.264+03:00  INFO 24104 --- [My Meal Meter] [           main] com.zaxxer.hikari.HikariDataSource       : HikariPool-6 - Start completed.
2025-09-09T21:32:10.286+03:00  INFO 24104 --- [My Meal Meter] [           main] o.hibernate.jpa.internal.util.LogHelper  : HHH000204: Processing PersistenceUnitInfo [name: default]
2025-09-09T21:32:10.287+03:00  INFO 24104 --- [My Meal Meter] [           main] o.h.c.internal.RegionFactoryInitiator    : HHH000026: Second-level cache disabled
2025-09-09T21:32:10.293+03:00  INFO 24104 --- [My Meal Meter] [           main] o.s.o.j.p.SpringPersistenceUnitInfo      : No LoadTimeWeaver setup: ignoring JPA class transformer
2025-09-09T21:32:10.294+03:00  WARN 24104 --- [My Meal Meter] [           main] org.hibernate.orm.deprecation            : HHH90000025: MySQL8Dialect does not need to be specified explicitly using 'hibernate.dialect' (remove the property setting and it will be selected by default)
2025-09-09T21:32:10.294+03:00  WARN 24104 --- [My Meal Meter] [           main] org.hibernate.orm.deprecation            : HHH90000026: MySQL8Dialect has been deprecated; use org.hibernate.dialect.MySQLDialect instead
2025-09-09T21:32:10.294+03:00  INFO 24104 --- [My Meal Meter] [           main] org.hibernate.orm.connections.pooling    : HHH10001005: Database info:
	Database JDBC URL [Connecting through datasource 'HikariDataSource (HikariPool-6)']
	Database driver: undefined/unknown
	Database version: 8.0
	Autocommit mode: undefined/unknown
	Isolation level: undefined/unknown
	Minimum pool size: undefined/unknown
	Maximum pool size: undefined/unknown
2025-09-09T21:32:10.381+03:00  INFO 24104 --- [My Meal Meter] [           main] o.h.e.t.j.p.i.JtaPlatformInitiator       : HHH000489: No JTA platform available (set 'hibernate.transaction.jta.platform' to enable JTA platform integration)
2025-09-09T21:32:10.389+03:00  INFO 24104 --- [My Meal Meter] [           main] j.LocalContainerEntityManagerFactoryBean : Initialized JPA EntityManagerFactory for persistence unit 'default'
2025-09-09T21:32:10.473+03:00  WARN 24104 --- [My Meal Meter] [           main] JpaBaseConfiguration$JpaWebConfiguration : spring.jpa.open-in-view is enabled by default. Therefore, database queries may be performed during view rendering. Explicitly configure spring.jpa.open-in-view to disable this warning
2025-09-09T21:32:10.559+03:00  INFO 24104 --- [My Meal Meter] [           main] r$InitializeUserDetailsManagerConfigurer : Global AuthenticationManager configured with UserDetailsService bean with name userService
2025-09-09T21:32:10.574+03:00  INFO 24104 --- [My Meal Meter] [           main] o.s.b.a.w.s.WelcomePageHandlerMapping    : Adding welcome page template: index
2025-09-09T21:32:10.691+03:00  INFO 24104 --- [My Meal Meter] [           main] o.s.b.a.e.web.EndpointLinksResolver      : Exposing 1 endpoint beneath base path '/actuator'
2025-09-09T21:32:10.809+03:00  INFO 24104 --- [My Meal Meter] [           main] o.s.b.a.h2.H2ConsoleAutoConfiguration    : H2 console available at '/h2-console'. Database available at 'jdbc:h2:mem:testdb'
2025-09-09T21:32:10.861+03:00  INFO 24104 --- [My Meal Meter] [           main] h.upvote.UpVoteServiceIntegrationTest    : Started UpVoteServiceIntegrationTest in 0.848 seconds (process running for 15.942)
]]></system-out>
  </testcase>
  <testcase name="testHasUserUpVoted" classname="hhh.upvote.UpVoteServiceIntegrationTest" time="0.976">
    <system-out><![CDATA[2025-09-09T21:32:10.953+03:00  INFO 24104 --- [My Meal Meter] [           main] j.LocalContainerEntityManagerFactoryBean : Closing JPA EntityManagerFactory for persistence unit 'default'
2025-09-09T21:32:10.953+03:00  INFO 24104 --- [My Meal Meter] [           main] com.zaxxer.hikari.HikariDataSource       : HikariPool-6 - Shutdown initiated...
2025-09-09T21:32:10.954+03:00  INFO 24104 --- [My Meal Meter] [           main] com.zaxxer.hikari.HikariDataSource       : HikariPool-6 - Shutdown completed.
2025-09-09T21:32:10.955+03:00  INFO 24104 --- [My Meal Meter] [           main] o.s.b.d.r.RestartApplicationListener     : Restart disabled due to context in which it is running

  .   ____          _            __ _ _
 /\\ / ___'_ __ _ _(_)_ __  __ _ \ \ \ \
( ( )\___ | '_ | '_| | '_ \/ _` | \ \ \ \
 \\/  ___)| |_)| | | | | || (_| |  ) ) ) )
  '  |____| .__|_| |_|_| |_\__, | / / / /
 =========|_|==============|___/=/_/_/_/

 :: Spring Boot ::                (v3.4.3)

2025-09-09T21:32:10.970+03:00  INFO 24104 --- [My Meal Meter] [           main] h.upvote.UpVoteServiceIntegrationTest    : Starting UpVoteServiceIntegrationTest using Java 21.0.6 with PID 24104 (started by lucky in D:\Programming\JavaWebAdvancedExam)
2025-09-09T21:32:10.970+03:00  INFO 24104 --- [My Meal Meter] [           main] h.upvote.UpVoteServiceIntegrationTest    : The following 1 profile is active: "test"
2025-09-09T21:32:11.115+03:00  INFO 24104 --- [My Meal Meter] [           main] .s.d.r.c.RepositoryConfigurationDelegate : Bootstrapping Spring Data JPA repositories in DEFAULT mode.
2025-09-09T21:32:11.132+03:00  INFO 24104 --- [My Meal Meter] [           main] .s.d.r.c.RepositoryConfigurationDelegate : Finished Spring Data repository scanning in 16 ms. Found 8 JPA repository interfaces.
2025-09-09T21:32:11.150+03:00  INFO 24104 --- [My Meal Meter] [           main] o.s.cloud.context.scope.GenericScope     : BeanFactory id=e09cce31-149d-33a8-ad30-133322102118
2025-09-09T21:32:11.184+03:00  INFO 24104 --- [My Meal Meter] [           main] com.zaxxer.hikari.HikariDataSource       : HikariPool-7 - Starting...
2025-09-09T21:32:11.185+03:00  INFO 24104 --- [My Meal Meter] [           main] com.zaxxer.hikari.pool.HikariPool        : HikariPool-7 - Added connection conn60: url=jdbc:h2:mem:testdb user=SA
2025-09-09T21:32:11.186+03:00  INFO 24104 --- [My Meal Meter] [           main] com.zaxxer.hikari.HikariDataSource       : HikariPool-7 - Start completed.
2025-09-09T21:32:11.205+03:00  INFO 24104 --- [My Meal Meter] [           main] o.hibernate.jpa.internal.util.LogHelper  : HHH000204: Processing PersistenceUnitInfo [name: default]
2025-09-09T21:32:11.206+03:00  INFO 24104 --- [My Meal Meter] [           main] o.h.c.internal.RegionFactoryInitiator    : HHH000026: Second-level cache disabled
2025-09-09T21:32:11.211+03:00  INFO 24104 --- [My Meal Meter] [           main] o.s.o.j.p.SpringPersistenceUnitInfo      : No LoadTimeWeaver setup: ignoring JPA class transformer
2025-09-09T21:32:11.212+03:00  WARN 24104 --- [My Meal Meter] [           main] org.hibernate.orm.deprecation            : HHH90000025: MySQL8Dialect does not need to be specified explicitly using 'hibernate.dialect' (remove the property setting and it will be selected by default)
2025-09-09T21:32:11.212+03:00  WARN 24104 --- [My Meal Meter] [           main] org.hibernate.orm.deprecation            : HHH90000026: MySQL8Dialect has been deprecated; use org.hibernate.dialect.MySQLDialect instead
2025-09-09T21:32:11.212+03:00  INFO 24104 --- [My Meal Meter] [           main] org.hibernate.orm.connections.pooling    : HHH10001005: Database info:
	Database JDBC URL [Connecting through datasource 'HikariDataSource (HikariPool-7)']
	Database driver: undefined/unknown
	Database version: 8.0
	Autocommit mode: undefined/unknown
	Isolation level: undefined/unknown
	Minimum pool size: undefined/unknown
	Maximum pool size: undefined/unknown
2025-09-09T21:32:11.291+03:00  INFO 24104 --- [My Meal Meter] [           main] o.h.e.t.j.p.i.JtaPlatformInitiator       : HHH000489: No JTA platform available (set 'hibernate.transaction.jta.platform' to enable JTA platform integration)
2025-09-09T21:32:11.298+03:00  INFO 24104 --- [My Meal Meter] [           main] j.LocalContainerEntityManagerFactoryBean : Initialized JPA EntityManagerFactory for persistence unit 'default'
2025-09-09T21:32:11.399+03:00  WARN 24104 --- [My Meal Meter] [           main] JpaBaseConfiguration$JpaWebConfiguration : spring.jpa.open-in-view is enabled by default. Therefore, database queries may be performed during view rendering. Explicitly configure spring.jpa.open-in-view to disable this warning
2025-09-09T21:32:11.492+03:00  INFO 24104 --- [My Meal Meter] [           main] r$InitializeUserDetailsManagerConfigurer : Global AuthenticationManager configured with UserDetailsService bean with name userService
2025-09-09T21:32:11.500+03:00  INFO 24104 --- [My Meal Meter] [           main] o.s.b.a.w.s.WelcomePageHandlerMapping    : Adding welcome page template: index
2025-09-09T21:32:11.607+03:00  INFO 24104 --- [My Meal Meter] [           main] o.s.b.a.e.web.EndpointLinksResolver      : Exposing 1 endpoint beneath base path '/actuator'
2025-09-09T21:32:11.779+03:00  INFO 24104 --- [My Meal Meter] [           main] o.s.b.a.h2.H2ConsoleAutoConfiguration    : H2 console available at '/h2-console'. Database available at 'jdbc:h2:mem:testdb'
2025-09-09T21:32:11.824+03:00  INFO 24104 --- [My Meal Meter] [           main] h.upvote.UpVoteServiceIntegrationTest    : Started UpVoteServiceIntegrationTest in 0.869 seconds (process running for 16.904)
]]></system-out>
  </testcase>
  <testcase name="testUpVoteSuccessfully" classname="hhh.upvote.UpVoteServiceIntegrationTest" time="0.862">
    <system-out><![CDATA[2025-09-09T21:32:11.929+03:00  INFO 24104 --- [My Meal Meter] [           main] j.LocalContainerEntityManagerFactoryBean : Closing JPA EntityManagerFactory for persistence unit 'default'
2025-09-09T21:32:11.930+03:00  INFO 24104 --- [My Meal Meter] [           main] com.zaxxer.hikari.HikariDataSource       : HikariPool-7 - Shutdown initiated...
2025-09-09T21:32:11.930+03:00  INFO 24104 --- [My Meal Meter] [           main] com.zaxxer.hikari.HikariDataSource       : HikariPool-7 - Shutdown completed.
2025-09-09T21:32:11.931+03:00  INFO 24104 --- [My Meal Meter] [           main] o.s.b.d.r.RestartApplicationListener     : Restart disabled due to context in which it is running

  .   ____          _            __ _ _
 /\\ / ___'_ __ _ _(_)_ __  __ _ \ \ \ \
( ( )\___ | '_ | '_| | '_ \/ _` | \ \ \ \
 \\/  ___)| |_)| | | | | || (_| |  ) ) ) )
  '  |____| .__|_| |_|_| |_\__, | / / / /
 =========|_|==============|___/=/_/_/_/

 :: Spring Boot ::                (v3.4.3)

2025-09-09T21:32:11.948+03:00  INFO 24104 --- [My Meal Meter] [           main] h.upvote.UpVoteServiceIntegrationTest    : Starting UpVoteServiceIntegrationTest using Java 21.0.6 with PID 24104 (started by lucky in D:\Programming\JavaWebAdvancedExam)
2025-09-09T21:32:11.948+03:00  INFO 24104 --- [My Meal Meter] [           main] h.upvote.UpVoteServiceIntegrationTest    : The following 1 profile is active: "test"
2025-09-09T21:32:12.090+03:00  INFO 24104 --- [My Meal Meter] [           main] .s.d.r.c.RepositoryConfigurationDelegate : Bootstrapping Spring Data JPA repositories in DEFAULT mode.
2025-09-09T21:32:12.106+03:00  INFO 24104 --- [My Meal Meter] [           main] .s.d.r.c.RepositoryConfigurationDelegate : Finished Spring Data repository scanning in 14 ms. Found 8 JPA repository interfaces.
2025-09-09T21:32:12.121+03:00  INFO 24104 --- [My Meal Meter] [           main] o.s.cloud.context.scope.GenericScope     : BeanFactory id=e09cce31-149d-33a8-ad30-133322102118
2025-09-09T21:32:12.159+03:00  INFO 24104 --- [My Meal Meter] [           main] com.zaxxer.hikari.HikariDataSource       : HikariPool-8 - Starting...
2025-09-09T21:32:12.160+03:00  INFO 24104 --- [My Meal Meter] [           main] com.zaxxer.hikari.pool.HikariPool        : HikariPool-8 - Added connection conn70: url=jdbc:h2:mem:testdb user=SA
2025-09-09T21:32:12.160+03:00  INFO 24104 --- [My Meal Meter] [           main] com.zaxxer.hikari.HikariDataSource       : HikariPool-8 - Start completed.
2025-09-09T21:32:12.179+03:00  INFO 24104 --- [My Meal Meter] [           main] o.hibernate.jpa.internal.util.LogHelper  : HHH000204: Processing PersistenceUnitInfo [name: default]
2025-09-09T21:32:12.181+03:00  INFO 24104 --- [My Meal Meter] [           main] o.h.c.internal.RegionFactoryInitiator    : HHH000026: Second-level cache disabled
2025-09-09T21:32:12.188+03:00  INFO 24104 --- [My Meal Meter] [           main] o.s.o.j.p.SpringPersistenceUnitInfo      : No LoadTimeWeaver setup: ignoring JPA class transformer
2025-09-09T21:32:12.189+03:00  WARN 24104 --- [My Meal Meter] [           main] org.hibernate.orm.deprecation            : HHH90000025: MySQL8Dialect does not need to be specified explicitly using 'hibernate.dialect' (remove the property setting and it will be selected by default)
2025-09-09T21:32:12.189+03:00  WARN 24104 --- [My Meal Meter] [           main] org.hibernate.orm.deprecation            : HHH90000026: MySQL8Dialect has been deprecated; use org.hibernate.dialect.MySQLDialect instead
2025-09-09T21:32:12.189+03:00  INFO 24104 --- [My Meal Meter] [           main] org.hibernate.orm.connections.pooling    : HHH10001005: Database info:
	Database JDBC URL [Connecting through datasource 'HikariDataSource (HikariPool-8)']
	Database driver: undefined/unknown
	Database version: 8.0
	Autocommit mode: undefined/unknown
	Isolation level: undefined/unknown
	Minimum pool size: undefined/unknown
	Maximum pool size: undefined/unknown
2025-09-09T21:32:12.265+03:00  INFO 24104 --- [My Meal Meter] [           main] o.h.e.t.j.p.i.JtaPlatformInitiator       : HHH000489: No JTA platform available (set 'hibernate.transaction.jta.platform' to enable JTA platform integration)
2025-09-09T21:32:12.271+03:00  INFO 24104 --- [My Meal Meter] [           main] j.LocalContainerEntityManagerFactoryBean : Initialized JPA EntityManagerFactory for persistence unit 'default'
2025-09-09T21:32:12.347+03:00  WARN 24104 --- [My Meal Meter] [           main] JpaBaseConfiguration$JpaWebConfiguration : spring.jpa.open-in-view is enabled by default. Therefore, database queries may be performed during view rendering. Explicitly configure spring.jpa.open-in-view to disable this warning
2025-09-09T21:32:12.422+03:00  INFO 24104 --- [My Meal Meter] [           main] r$InitializeUserDetailsManagerConfigurer : Global AuthenticationManager configured with UserDetailsService bean with name userService
2025-09-09T21:32:12.429+03:00  INFO 24104 --- [My Meal Meter] [           main] o.s.b.a.w.s.WelcomePageHandlerMapping    : Adding welcome page template: index
2025-09-09T21:32:12.519+03:00  INFO 24104 --- [My Meal Meter] [           main] o.s.b.a.e.web.EndpointLinksResolver      : Exposing 1 endpoint beneath base path '/actuator'
2025-09-09T21:32:12.653+03:00  INFO 24104 --- [My Meal Meter] [           main] o.s.b.a.h2.H2ConsoleAutoConfiguration    : H2 console available at '/h2-console'. Database available at 'jdbc:h2:mem:testdb'
2025-09-09T21:32:12.707+03:00  INFO 24104 --- [My Meal Meter] [           main] h.upvote.UpVoteServiceIntegrationTest    : Started UpVoteServiceIntegrationTest in 0.776 seconds (process running for 17.788)
]]></system-out>
  </testcase>
  <testcase name="testTimeBasedUpVoteRetrieval" classname="hhh.upvote.UpVoteServiceIntegrationTest" time="0.812">
    <system-out><![CDATA[2025-09-09T21:32:12.793+03:00  INFO 24104 --- [My Meal Meter] [           main] j.LocalContainerEntityManagerFactoryBean : Closing JPA EntityManagerFactory for persistence unit 'default'
2025-09-09T21:32:12.793+03:00  INFO 24104 --- [My Meal Meter] [           main] com.zaxxer.hikari.HikariDataSource       : HikariPool-8 - Shutdown initiated...
2025-09-09T21:32:12.794+03:00  INFO 24104 --- [My Meal Meter] [           main] com.zaxxer.hikari.HikariDataSource       : HikariPool-8 - Shutdown completed.
2025-09-09T21:32:12.795+03:00  INFO 24104 --- [My Meal Meter] [           main] o.s.b.d.r.RestartApplicationListener     : Restart disabled due to context in which it is running

  .   ____          _            __ _ _
 /\\ / ___'_ __ _ _(_)_ __  __ _ \ \ \ \
( ( )\___ | '_ | '_| | '_ \/ _` | \ \ \ \
 \\/  ___)| |_)| | | | | || (_| |  ) ) ) )
  '  |____| .__|_| |_|_| |_\__, | / / / /
 =========|_|==============|___/=/_/_/_/

 :: Spring Boot ::                (v3.4.3)

2025-09-09T21:32:12.806+03:00  INFO 24104 --- [My Meal Meter] [           main] h.upvote.UpVoteServiceIntegrationTest    : Starting UpVoteServiceIntegrationTest using Java 21.0.6 with PID 24104 (started by lucky in D:\Programming\JavaWebAdvancedExam)
2025-09-09T21:32:12.806+03:00  INFO 24104 --- [My Meal Meter] [           main] h.upvote.UpVoteServiceIntegrationTest    : The following 1 profile is active: "test"
2025-09-09T21:32:12.941+03:00  INFO 24104 --- [My Meal Meter] [           main] .s.d.r.c.RepositoryConfigurationDelegate : Bootstrapping Spring Data JPA repositories in DEFAULT mode.
2025-09-09T21:32:12.958+03:00  INFO 24104 --- [My Meal Meter] [           main] .s.d.r.c.RepositoryConfigurationDelegate : Finished Spring Data repository scanning in 15 ms. Found 8 JPA repository interfaces.
2025-09-09T21:32:12.975+03:00  INFO 24104 --- [My Meal Meter] [           main] o.s.cloud.context.scope.GenericScope     : BeanFactory id=e09cce31-149d-33a8-ad30-133322102118
2025-09-09T21:32:13.011+03:00  INFO 24104 --- [My Meal Meter] [           main] com.zaxxer.hikari.HikariDataSource       : HikariPool-9 - Starting...
2025-09-09T21:32:13.012+03:00  INFO 24104 --- [My Meal Meter] [           main] com.zaxxer.hikari.pool.HikariPool        : HikariPool-9 - Added connection conn80: url=jdbc:h2:mem:testdb user=SA
2025-09-09T21:32:13.012+03:00  INFO 24104 --- [My Meal Meter] [           main] com.zaxxer.hikari.HikariDataSource       : HikariPool-9 - Start completed.
2025-09-09T21:32:13.031+03:00  INFO 24104 --- [My Meal Meter] [           main] o.hibernate.jpa.internal.util.LogHelper  : HHH000204: Processing PersistenceUnitInfo [name: default]
2025-09-09T21:32:13.031+03:00  INFO 24104 --- [My Meal Meter] [           main] o.h.c.internal.RegionFactoryInitiator    : HHH000026: Second-level cache disabled
2025-09-09T21:32:13.037+03:00  INFO 24104 --- [My Meal Meter] [           main] o.s.o.j.p.SpringPersistenceUnitInfo      : No LoadTimeWeaver setup: ignoring JPA class transformer
2025-09-09T21:32:13.037+03:00  WARN 24104 --- [My Meal Meter] [           main] org.hibernate.orm.deprecation            : HHH90000025: MySQL8Dialect does not need to be specified explicitly using 'hibernate.dialect' (remove the property setting and it will be selected by default)
2025-09-09T21:32:13.037+03:00  WARN 24104 --- [My Meal Meter] [           main] org.hibernate.orm.deprecation            : HHH90000026: MySQL8Dialect has been deprecated; use org.hibernate.dialect.MySQLDialect instead
2025-09-09T21:32:13.037+03:00  INFO 24104 --- [My Meal Meter] [           main] org.hibernate.orm.connections.pooling    : HHH10001005: Database info:
	Database JDBC URL [Connecting through datasource 'HikariDataSource (HikariPool-9)']
	Database driver: undefined/unknown
	Database version: 8.0
	Autocommit mode: undefined/unknown
	Isolation level: undefined/unknown
	Minimum pool size: undefined/unknown
	Maximum pool size: undefined/unknown
2025-09-09T21:32:13.105+03:00  INFO 24104 --- [My Meal Meter] [           main] o.h.e.t.j.p.i.JtaPlatformInitiator       : HHH000489: No JTA platform available (set 'hibernate.transaction.jta.platform' to enable JTA platform integration)
2025-09-09T21:32:13.110+03:00  INFO 24104 --- [My Meal Meter] [           main] j.LocalContainerEntityManagerFactoryBean : Initialized JPA EntityManagerFactory for persistence unit 'default'
2025-09-09T21:32:13.181+03:00  WARN 24104 --- [My Meal Meter] [           main] JpaBaseConfiguration$JpaWebConfiguration : spring.jpa.open-in-view is enabled by default. Therefore, database queries may be performed during view rendering. Explicitly configure spring.jpa.open-in-view to disable this warning
2025-09-09T21:32:13.255+03:00  INFO 24104 --- [My Meal Meter] [           main] r$InitializeUserDetailsManagerConfigurer : Global AuthenticationManager configured with UserDetailsService bean with name userService
2025-09-09T21:32:13.261+03:00  INFO 24104 --- [My Meal Meter] [           main] o.s.b.a.w.s.WelcomePageHandlerMapping    : Adding welcome page template: index
2025-09-09T21:32:13.354+03:00  INFO 24104 --- [My Meal Meter] [           main] o.s.b.a.e.web.EndpointLinksResolver      : Exposing 1 endpoint beneath base path '/actuator'
2025-09-09T21:32:13.466+03:00  INFO 24104 --- [My Meal Meter] [           main] o.s.b.a.h2.H2ConsoleAutoConfiguration    : H2 console available at '/h2-console'. Database available at 'jdbc:h2:mem:testdb'
2025-09-09T21:32:13.515+03:00  INFO 24104 --- [My Meal Meter] [           main] h.upvote.UpVoteServiceIntegrationTest    : Started UpVoteServiceIntegrationTest in 0.72 seconds (process running for 18.595)
]]></system-out>
  </testcase>
  <testcase name="testDownVoteInvalidInputs" classname="hhh.upvote.UpVoteServiceIntegrationTest" time="0.776">
    <system-out><![CDATA[2025-09-09T21:32:13.604+03:00  INFO 24104 --- [My Meal Meter] [           main] j.LocalContainerEntityManagerFactoryBean : Closing JPA EntityManagerFactory for persistence unit 'default'
2025-09-09T21:32:13.605+03:00  INFO 24104 --- [My Meal Meter] [           main] com.zaxxer.hikari.HikariDataSource       : HikariPool-9 - Shutdown initiated...
2025-09-09T21:32:13.605+03:00  INFO 24104 --- [My Meal Meter] [           main] com.zaxxer.hikari.HikariDataSource       : HikariPool-9 - Shutdown completed.
2025-09-09T21:32:13.606+03:00  INFO 24104 --- [My Meal Meter] [           main] o.s.b.d.r.RestartApplicationListener     : Restart disabled due to context in which it is running

  .   ____          _            __ _ _
 /\\ / ___'_ __ _ _(_)_ __  __ _ \ \ \ \
( ( )\___ | '_ | '_| | '_ \/ _` | \ \ \ \
 \\/  ___)| |_)| | | | | || (_| |  ) ) ) )
  '  |____| .__|_| |_|_| |_\__, | / / / /
 =========|_|==============|___/=/_/_/_/

 :: Spring Boot ::                (v3.4.3)

2025-09-09T21:32:13.618+03:00  INFO 24104 --- [My Meal Meter] [           main] h.upvote.UpVoteServiceIntegrationTest    : Starting UpVoteServiceIntegrationTest using Java 21.0.6 with PID 24104 (started by lucky in D:\Programming\JavaWebAdvancedExam)
2025-09-09T21:32:13.618+03:00  INFO 24104 --- [My Meal Meter] [           main] h.upvote.UpVoteServiceIntegrationTest    : The following 1 profile is active: "test"
2025-09-09T21:32:13.755+03:00  INFO 24104 --- [My Meal Meter] [           main] .s.d.r.c.RepositoryConfigurationDelegate : Bootstrapping Spring Data JPA repositories in DEFAULT mode.
2025-09-09T21:32:13.770+03:00  INFO 24104 --- [My Meal Meter] [           main] .s.d.r.c.RepositoryConfigurationDelegate : Finished Spring Data repository scanning in 14 ms. Found 8 JPA repository interfaces.
2025-09-09T21:32:13.787+03:00  INFO 24104 --- [My Meal Meter] [           main] o.s.cloud.context.scope.GenericScope     : BeanFactory id=e09cce31-149d-33a8-ad30-133322102118
2025-09-09T21:32:13.818+03:00  INFO 24104 --- [My Meal Meter] [           main] com.zaxxer.hikari.HikariDataSource       : HikariPool-10 - Starting...
2025-09-09T21:32:13.819+03:00  INFO 24104 --- [My Meal Meter] [           main] com.zaxxer.hikari.pool.HikariPool        : HikariPool-10 - Added connection conn90: url=jdbc:h2:mem:testdb user=SA
2025-09-09T21:32:13.819+03:00  INFO 24104 --- [My Meal Meter] [           main] com.zaxxer.hikari.HikariDataSource       : HikariPool-10 - Start completed.
2025-09-09T21:32:13.837+03:00  INFO 24104 --- [My Meal Meter] [           main] o.hibernate.jpa.internal.util.LogHelper  : HHH000204: Processing PersistenceUnitInfo [name: default]
2025-09-09T21:32:13.838+03:00  INFO 24104 --- [My Meal Meter] [           main] o.h.c.internal.RegionFactoryInitiator    : HHH000026: Second-level cache disabled
2025-09-09T21:32:13.842+03:00  INFO 24104 --- [My Meal Meter] [           main] o.s.o.j.p.SpringPersistenceUnitInfo      : No LoadTimeWeaver setup: ignoring JPA class transformer
2025-09-09T21:32:13.843+03:00  WARN 24104 --- [My Meal Meter] [           main] org.hibernate.orm.deprecation            : HHH90000025: MySQL8Dialect does not need to be specified explicitly using 'hibernate.dialect' (remove the property setting and it will be selected by default)
2025-09-09T21:32:13.843+03:00  WARN 24104 --- [My Meal Meter] [           main] org.hibernate.orm.deprecation            : HHH90000026: MySQL8Dialect has been deprecated; use org.hibernate.dialect.MySQLDialect instead
2025-09-09T21:32:13.843+03:00  INFO 24104 --- [My Meal Meter] [           main] org.hibernate.orm.connections.pooling    : HHH10001005: Database info:
	Database JDBC URL [Connecting through datasource 'HikariDataSource (HikariPool-10)']
	Database driver: undefined/unknown
	Database version: 8.0
	Autocommit mode: undefined/unknown
	Isolation level: undefined/unknown
	Minimum pool size: undefined/unknown
	Maximum pool size: undefined/unknown
2025-09-09T21:32:13.904+03:00  INFO 24104 --- [My Meal Meter] [           main] o.h.e.t.j.p.i.JtaPlatformInitiator       : HHH000489: No JTA platform available (set 'hibernate.transaction.jta.platform' to enable JTA platform integration)
2025-09-09T21:32:13.910+03:00  INFO 24104 --- [My Meal Meter] [           main] j.LocalContainerEntityManagerFactoryBean : Initialized JPA EntityManagerFactory for persistence unit 'default'
2025-09-09T21:32:13.979+03:00  WARN 24104 --- [My Meal Meter] [           main] JpaBaseConfiguration$JpaWebConfiguration : spring.jpa.open-in-view is enabled by default. Therefore, database queries may be performed during view rendering. Explicitly configure spring.jpa.open-in-view to disable this warning
2025-09-09T21:32:14.054+03:00  INFO 24104 --- [My Meal Meter] [           main] r$InitializeUserDetailsManagerConfigurer : Global AuthenticationManager configured with UserDetailsService bean with name userService
2025-09-09T21:32:14.062+03:00  INFO 24104 --- [My Meal Meter] [           main] o.s.b.a.w.s.WelcomePageHandlerMapping    : Adding welcome page template: index
2025-09-09T21:32:14.155+03:00  INFO 24104 --- [My Meal Meter] [           main] o.s.b.a.e.web.EndpointLinksResolver      : Exposing 1 endpoint beneath base path '/actuator'
2025-09-09T21:32:14.268+03:00  INFO 24104 --- [My Meal Meter] [           main] o.s.b.a.h2.H2ConsoleAutoConfiguration    : H2 console available at '/h2-console'. Database available at 'jdbc:h2:mem:testdb'
2025-09-09T21:32:14.309+03:00  INFO 24104 --- [My Meal Meter] [           main] h.upvote.UpVoteServiceIntegrationTest    : Started UpVoteServiceIntegrationTest in 0.703 seconds (process running for 19.389)
]]></system-out>
  </testcase>
  <testcase name="testCleanUp" classname="hhh.upvote.UpVoteServiceIntegrationTest" time="0.807">
    <system-out><![CDATA[2025-09-09T21:32:14.381+03:00  INFO 24104 --- [My Meal Meter] [           main] j.LocalContainerEntityManagerFactoryBean : Closing JPA EntityManagerFactory for persistence unit 'default'
2025-09-09T21:32:14.381+03:00  INFO 24104 --- [My Meal Meter] [           main] com.zaxxer.hikari.HikariDataSource       : HikariPool-10 - Shutdown initiated...
2025-09-09T21:32:14.381+03:00  INFO 24104 --- [My Meal Meter] [           main] com.zaxxer.hikari.HikariDataSource       : HikariPool-10 - Shutdown completed.
2025-09-09T21:32:14.383+03:00  INFO 24104 --- [My Meal Meter] [           main] o.s.b.d.r.RestartApplicationListener     : Restart disabled due to context in which it is running

  .   ____          _            __ _ _
 /\\ / ___'_ __ _ _(_)_ __  __ _ \ \ \ \
( ( )\___ | '_ | '_| | '_ \/ _` | \ \ \ \
 \\/  ___)| |_)| | | | | || (_| |  ) ) ) )
  '  |____| .__|_| |_|_| |_\__, | / / / /
 =========|_|==============|___/=/_/_/_/

 :: Spring Boot ::                (v3.4.3)

2025-09-09T21:32:14.396+03:00  INFO 24104 --- [My Meal Meter] [           main] h.upvote.UpVoteServiceIntegrationTest    : Starting UpVoteServiceIntegrationTest using Java 21.0.6 with PID 24104 (started by lucky in D:\Programming\JavaWebAdvancedExam)
2025-09-09T21:32:14.396+03:00  INFO 24104 --- [My Meal Meter] [           main] h.upvote.UpVoteServiceIntegrationTest    : The following 1 profile is active: "test"
2025-09-09T21:32:14.524+03:00  INFO 24104 --- [My Meal Meter] [           main] .s.d.r.c.RepositoryConfigurationDelegate : Bootstrapping Spring Data JPA repositories in DEFAULT mode.
2025-09-09T21:32:14.539+03:00  INFO 24104 --- [My Meal Meter] [           main] .s.d.r.c.RepositoryConfigurationDelegate : Finished Spring Data repository scanning in 14 ms. Found 8 JPA repository interfaces.
2025-09-09T21:32:14.556+03:00  INFO 24104 --- [My Meal Meter] [           main] o.s.cloud.context.scope.GenericScope     : BeanFactory id=e09cce31-149d-33a8-ad30-133322102118
2025-09-09T21:32:14.584+03:00  INFO 24104 --- [My Meal Meter] [           main] com.zaxxer.hikari.HikariDataSource       : HikariPool-11 - Starting...
2025-09-09T21:32:14.585+03:00  INFO 24104 --- [My Meal Meter] [           main] com.zaxxer.hikari.pool.HikariPool        : HikariPool-11 - Added connection conn100: url=jdbc:h2:mem:testdb user=SA
2025-09-09T21:32:14.585+03:00  INFO 24104 --- [My Meal Meter] [           main] com.zaxxer.hikari.HikariDataSource       : HikariPool-11 - Start completed.
2025-09-09T21:32:14.603+03:00  INFO 24104 --- [My Meal Meter] [           main] o.hibernate.jpa.internal.util.LogHelper  : HHH000204: Processing PersistenceUnitInfo [name: default]
2025-09-09T21:32:14.604+03:00  INFO 24104 --- [My Meal Meter] [           main] o.h.c.internal.RegionFactoryInitiator    : HHH000026: Second-level cache disabled
2025-09-09T21:32:14.609+03:00  INFO 24104 --- [My Meal Meter] [           main] o.s.o.j.p.SpringPersistenceUnitInfo      : No LoadTimeWeaver setup: ignoring JPA class transformer
2025-09-09T21:32:14.610+03:00  WARN 24104 --- [My Meal Meter] [           main] org.hibernate.orm.deprecation            : HHH90000025: MySQL8Dialect does not need to be specified explicitly using 'hibernate.dialect' (remove the property setting and it will be selected by default)
2025-09-09T21:32:14.610+03:00  WARN 24104 --- [My Meal Meter] [           main] org.hibernate.orm.deprecation            : HHH90000026: MySQL8Dialect has been deprecated; use org.hibernate.dialect.MySQLDialect instead
2025-09-09T21:32:14.610+03:00  INFO 24104 --- [My Meal Meter] [           main] org.hibernate.orm.connections.pooling    : HHH10001005: Database info:
	Database JDBC URL [Connecting through datasource 'HikariDataSource (HikariPool-11)']
	Database driver: undefined/unknown
	Database version: 8.0
	Autocommit mode: undefined/unknown
	Isolation level: undefined/unknown
	Minimum pool size: undefined/unknown
	Maximum pool size: undefined/unknown
2025-09-09T21:32:14.673+03:00  INFO 24104 --- [My Meal Meter] [           main] o.h.e.t.j.p.i.JtaPlatformInitiator       : HHH000489: No JTA platform available (set 'hibernate.transaction.jta.platform' to enable JTA platform integration)
2025-09-09T21:32:14.678+03:00  INFO 24104 --- [My Meal Meter] [           main] j.LocalContainerEntityManagerFactoryBean : Initialized JPA EntityManagerFactory for persistence unit 'default'
2025-09-09T21:32:14.744+03:00  WARN 24104 --- [My Meal Meter] [           main] JpaBaseConfiguration$JpaWebConfiguration : spring.jpa.open-in-view is enabled by default. Therefore, database queries may be performed during view rendering. Explicitly configure spring.jpa.open-in-view to disable this warning
2025-09-09T21:32:14.820+03:00  INFO 24104 --- [My Meal Meter] [           main] r$InitializeUserDetailsManagerConfigurer : Global AuthenticationManager configured with UserDetailsService bean with name userService
2025-09-09T21:32:14.828+03:00  INFO 24104 --- [My Meal Meter] [           main] o.s.b.a.w.s.WelcomePageHandlerMapping    : Adding welcome page template: index
2025-09-09T21:32:14.914+03:00  INFO 24104 --- [My Meal Meter] [           main] o.s.b.a.e.web.EndpointLinksResolver      : Exposing 1 endpoint beneath base path '/actuator'
2025-09-09T21:32:15.031+03:00  INFO 24104 --- [My Meal Meter] [           main] o.s.b.a.h2.H2ConsoleAutoConfiguration    : H2 console available at '/h2-console'. Database available at 'jdbc:h2:mem:testdb'
2025-09-09T21:32:15.072+03:00  INFO 24104 --- [My Meal Meter] [           main] h.upvote.UpVoteServiceIntegrationTest    : Started UpVoteServiceIntegrationTest in 0.689 seconds (process running for 20.154)
]]></system-out>
  </testcase>
  <testcase name="testDuplicateUpVote" classname="hhh.upvote.UpVoteServiceIntegrationTest" time="0.762">
    <system-out><![CDATA[2025-09-09T21:32:15.189+03:00  INFO 24104 --- [My Meal Meter] [           main] j.LocalContainerEntityManagerFactoryBean : Closing JPA EntityManagerFactory for persistence unit 'default'
2025-09-09T21:32:15.189+03:00  INFO 24104 --- [My Meal Meter] [           main] com.zaxxer.hikari.HikariDataSource       : HikariPool-11 - Shutdown initiated...
2025-09-09T21:32:15.189+03:00  INFO 24104 --- [My Meal Meter] [           main] com.zaxxer.hikari.HikariDataSource       : HikariPool-11 - Shutdown completed.
2025-09-09T21:32:15.191+03:00  INFO 24104 --- [My Meal Meter] [           main] o.s.b.d.r.RestartApplicationListener     : Restart disabled due to context in which it is running

  .   ____          _            __ _ _
 /\\ / ___'_ __ _ _(_)_ __  __ _ \ \ \ \
( ( )\___ | '_ | '_| | '_ \/ _` | \ \ \ \
 \\/  ___)| |_)| | | | | || (_| |  ) ) ) )
  '  |____| .__|_| |_|_| |_\__, | / / / /
 =========|_|==============|___/=/_/_/_/

 :: Spring Boot ::                (v3.4.3)

2025-09-09T21:32:15.205+03:00  INFO 24104 --- [My Meal Meter] [           main] h.upvote.UpVoteServiceIntegrationTest    : Starting UpVoteServiceIntegrationTest using Java 21.0.6 with PID 24104 (started by lucky in D:\Programming\JavaWebAdvancedExam)
2025-09-09T21:32:15.205+03:00  INFO 24104 --- [My Meal Meter] [           main] h.upvote.UpVoteServiceIntegrationTest    : The following 1 profile is active: "test"
2025-09-09T21:32:15.339+03:00  INFO 24104 --- [My Meal Meter] [           main] .s.d.r.c.RepositoryConfigurationDelegate : Bootstrapping Spring Data JPA repositories in DEFAULT mode.
2025-09-09T21:32:15.353+03:00  INFO 24104 --- [My Meal Meter] [           main] .s.d.r.c.RepositoryConfigurationDelegate : Finished Spring Data repository scanning in 13 ms. Found 8 JPA repository interfaces.
2025-09-09T21:32:15.368+03:00  INFO 24104 --- [My Meal Meter] [           main] o.s.cloud.context.scope.GenericScope     : BeanFactory id=e09cce31-149d-33a8-ad30-133322102118
2025-09-09T21:32:15.397+03:00  INFO 24104 --- [My Meal Meter] [           main] com.zaxxer.hikari.HikariDataSource       : HikariPool-12 - Starting...
2025-09-09T21:32:15.398+03:00  INFO 24104 --- [My Meal Meter] [           main] com.zaxxer.hikari.pool.HikariPool        : HikariPool-12 - Added connection conn110: url=jdbc:h2:mem:testdb user=SA
2025-09-09T21:32:15.398+03:00  INFO 24104 --- [My Meal Meter] [           main] com.zaxxer.hikari.HikariDataSource       : HikariPool-12 - Start completed.
2025-09-09T21:32:15.415+03:00  INFO 24104 --- [My Meal Meter] [           main] o.hibernate.jpa.internal.util.LogHelper  : HHH000204: Processing PersistenceUnitInfo [name: default]
2025-09-09T21:32:15.416+03:00  INFO 24104 --- [My Meal Meter] [           main] o.h.c.internal.RegionFactoryInitiator    : HHH000026: Second-level cache disabled
2025-09-09T21:32:15.420+03:00  INFO 24104 --- [My Meal Meter] [           main] o.s.o.j.p.SpringPersistenceUnitInfo      : No LoadTimeWeaver setup: ignoring JPA class transformer
2025-09-09T21:32:15.420+03:00  WARN 24104 --- [My Meal Meter] [           main] org.hibernate.orm.deprecation            : HHH90000025: MySQL8Dialect does not need to be specified explicitly using 'hibernate.dialect' (remove the property setting and it will be selected by default)
2025-09-09T21:32:15.420+03:00  WARN 24104 --- [My Meal Meter] [           main] org.hibernate.orm.deprecation            : HHH90000026: MySQL8Dialect has been deprecated; use org.hibernate.dialect.MySQLDialect instead
2025-09-09T21:32:15.420+03:00  INFO 24104 --- [My Meal Meter] [           main] org.hibernate.orm.connections.pooling    : HHH10001005: Database info:
	Database JDBC URL [Connecting through datasource 'HikariDataSource (HikariPool-12)']
	Database driver: undefined/unknown
	Database version: 8.0
	Autocommit mode: undefined/unknown
	Isolation level: undefined/unknown
	Minimum pool size: undefined/unknown
	Maximum pool size: undefined/unknown
2025-09-09T21:32:15.476+03:00  INFO 24104 --- [My Meal Meter] [           main] o.h.e.t.j.p.i.JtaPlatformInitiator       : HHH000489: No JTA platform available (set 'hibernate.transaction.jta.platform' to enable JTA platform integration)
2025-09-09T21:32:15.481+03:00  INFO 24104 --- [My Meal Meter] [           main] j.LocalContainerEntityManagerFactoryBean : Initialized JPA EntityManagerFactory for persistence unit 'default'
2025-09-09T21:32:15.555+03:00  WARN 24104 --- [My Meal Meter] [           main] JpaBaseConfiguration$JpaWebConfiguration : spring.jpa.open-in-view is enabled by default. Therefore, database queries may be performed during view rendering. Explicitly configure spring.jpa.open-in-view to disable this warning
2025-09-09T21:32:15.632+03:00  INFO 24104 --- [My Meal Meter] [           main] r$InitializeUserDetailsManagerConfigurer : Global AuthenticationManager configured with UserDetailsService bean with name userService
2025-09-09T21:32:15.639+03:00  INFO 24104 --- [My Meal Meter] [           main] o.s.b.a.w.s.WelcomePageHandlerMapping    : Adding welcome page template: index
2025-09-09T21:32:15.720+03:00  INFO 24104 --- [My Meal Meter] [           main] o.s.b.a.e.web.EndpointLinksResolver      : Exposing 1 endpoint beneath base path '/actuator'
2025-09-09T21:32:15.831+03:00  INFO 24104 --- [My Meal Meter] [           main] o.s.b.a.h2.H2ConsoleAutoConfiguration    : H2 console available at '/h2-console'. Database available at 'jdbc:h2:mem:testdb'
2025-09-09T21:32:15.870+03:00  INFO 24104 --- [My Meal Meter] [           main] h.upvote.UpVoteServiceIntegrationTest    : Started UpVoteServiceIntegrationTest in 0.679 seconds (process running for 20.951)
]]></system-out>
  </testcase>
  <testcase name="testUpVoteWithInvalidInputs" classname="hhh.upvote.UpVoteServiceIntegrationTest" time="0.792">
    <system-out><![CDATA[2025-09-09T21:32:15.950+03:00  INFO 24104 --- [My Meal Meter] [           main] j.LocalContainerEntityManagerFactoryBean : Closing JPA EntityManagerFactory for persistence unit 'default'
2025-09-09T21:32:15.950+03:00  INFO 24104 --- [My Meal Meter] [           main] com.zaxxer.hikari.HikariDataSource       : HikariPool-12 - Shutdown initiated...
2025-09-09T21:32:15.950+03:00  INFO 24104 --- [My Meal Meter] [           main] com.zaxxer.hikari.HikariDataSource       : HikariPool-12 - Shutdown completed.
2025-09-09T21:32:15.951+03:00  INFO 24104 --- [My Meal Meter] [           main] o.s.b.d.r.RestartApplicationListener     : Restart disabled due to context in which it is running

  .   ____          _            __ _ _
 /\\ / ___'_ __ _ _(_)_ __  __ _ \ \ \ \
( ( )\___ | '_ | '_| | '_ \/ _` | \ \ \ \
 \\/  ___)| |_)| | | | | || (_| |  ) ) ) )
  '  |____| .__|_| |_|_| |_\__, | / / / /
 =========|_|==============|___/=/_/_/_/

 :: Spring Boot ::                (v3.4.3)

2025-09-09T21:32:15.966+03:00  INFO 24104 --- [My Meal Meter] [           main] h.upvote.UpVoteServiceIntegrationTest    : Starting UpVoteServiceIntegrationTest using Java 21.0.6 with PID 24104 (started by lucky in D:\Programming\JavaWebAdvancedExam)
2025-09-09T21:32:15.966+03:00  INFO 24104 --- [My Meal Meter] [           main] h.upvote.UpVoteServiceIntegrationTest    : The following 1 profile is active: "test"
2025-09-09T21:32:16.097+03:00  INFO 24104 --- [My Meal Meter] [           main] .s.d.r.c.RepositoryConfigurationDelegate : Bootstrapping Spring Data JPA repositories in DEFAULT mode.
2025-09-09T21:32:16.111+03:00  INFO 24104 --- [My Meal Meter] [           main] .s.d.r.c.RepositoryConfigurationDelegate : Finished Spring Data repository scanning in 13 ms. Found 8 JPA repository interfaces.
2025-09-09T21:32:16.132+03:00  INFO 24104 --- [My Meal Meter] [           main] o.s.cloud.context.scope.GenericScope     : BeanFactory id=e09cce31-149d-33a8-ad30-133322102118
2025-09-09T21:32:16.161+03:00  INFO 24104 --- [My Meal Meter] [           main] com.zaxxer.hikari.HikariDataSource       : HikariPool-13 - Starting...
2025-09-09T21:32:16.161+03:00  INFO 24104 --- [My Meal Meter] [           main] com.zaxxer.hikari.pool.HikariPool        : HikariPool-13 - Added connection conn120: url=jdbc:h2:mem:testdb user=SA
2025-09-09T21:32:16.161+03:00  INFO 24104 --- [My Meal Meter] [           main] com.zaxxer.hikari.HikariDataSource       : HikariPool-13 - Start completed.
2025-09-09T21:32:16.178+03:00  INFO 24104 --- [My Meal Meter] [           main] o.hibernate.jpa.internal.util.LogHelper  : HHH000204: Processing PersistenceUnitInfo [name: default]
2025-09-09T21:32:16.179+03:00  INFO 24104 --- [My Meal Meter] [           main] o.h.c.internal.RegionFactoryInitiator    : HHH000026: Second-level cache disabled
2025-09-09T21:32:16.184+03:00  INFO 24104 --- [My Meal Meter] [           main] o.s.o.j.p.SpringPersistenceUnitInfo      : No LoadTimeWeaver setup: ignoring JPA class transformer
2025-09-09T21:32:16.185+03:00  WARN 24104 --- [My Meal Meter] [           main] org.hibernate.orm.deprecation            : HHH90000025: MySQL8Dialect does not need to be specified explicitly using 'hibernate.dialect' (remove the property setting and it will be selected by default)
2025-09-09T21:32:16.185+03:00  WARN 24104 --- [My Meal Meter] [           main] org.hibernate.orm.deprecation            : HHH90000026: MySQL8Dialect has been deprecated; use org.hibernate.dialect.MySQLDialect instead
2025-09-09T21:32:16.185+03:00  INFO 24104 --- [My Meal Meter] [           main] org.hibernate.orm.connections.pooling    : HHH10001005: Database info:
	Database JDBC URL [Connecting through datasource 'HikariDataSource (HikariPool-13)']
	Database driver: undefined/unknown
	Database version: 8.0
	Autocommit mode: undefined/unknown
	Isolation level: undefined/unknown
	Minimum pool size: undefined/unknown
	Maximum pool size: undefined/unknown
2025-09-09T21:32:16.238+03:00  INFO 24104 --- [My Meal Meter] [           main] o.h.e.t.j.p.i.JtaPlatformInitiator       : HHH000489: No JTA platform available (set 'hibernate.transaction.jta.platform' to enable JTA platform integration)
2025-09-09T21:32:16.241+03:00  INFO 24104 --- [My Meal Meter] [           main] j.LocalContainerEntityManagerFactoryBean : Initialized JPA EntityManagerFactory for persistence unit 'default'
2025-09-09T21:32:16.315+03:00  WARN 24104 --- [My Meal Meter] [           main] JpaBaseConfiguration$JpaWebConfiguration : spring.jpa.open-in-view is enabled by default. Therefore, database queries may be performed during view rendering. Explicitly configure spring.jpa.open-in-view to disable this warning
2025-09-09T21:32:16.396+03:00  INFO 24104 --- [My Meal Meter] [           main] r$InitializeUserDetailsManagerConfigurer : Global AuthenticationManager configured with UserDetailsService bean with name userService
2025-09-09T21:32:16.404+03:00  INFO 24104 --- [My Meal Meter] [           main] o.s.b.a.w.s.WelcomePageHandlerMapping    : Adding welcome page template: index
2025-09-09T21:32:16.504+03:00  INFO 24104 --- [My Meal Meter] [           main] o.s.b.a.e.web.EndpointLinksResolver      : Exposing 1 endpoint beneath base path '/actuator'
2025-09-09T21:32:16.620+03:00  INFO 24104 --- [My Meal Meter] [           main] o.s.b.a.h2.H2ConsoleAutoConfiguration    : H2 console available at '/h2-console'. Database available at 'jdbc:h2:mem:testdb'
2025-09-09T21:32:16.668+03:00  INFO 24104 --- [My Meal Meter] [           main] h.upvote.UpVoteServiceIntegrationTest    : Started UpVoteServiceIntegrationTest in 0.717 seconds (process running for 21.749)
]]></system-out>
  </testcase>
</testsuite>