<?xml version="1.0" encoding="UTF-8"?>
<testsuite xmlns:xsi="http://www.w3.org/2001/XMLSchema-instance" xsi:noNamespaceSchemaLocation="https://maven.apache.org/surefire/maven-surefire-plugin/xsd/surefire-test-report.xsd" version="3.0.2" name="hhh.web.AdminPanelControllerApiTest" time="3.841" tests="16" errors="0" skipped="0" failures="0">
  <properties>
[...]
</properties>
  <testcase name="patchReviewedReportMarkReportAsReviewedAndRedirect" classname="hhh.web.AdminPanelControllerApiTest" time="0.196">
    <system-out><![CDATA[23:36:12.875 [main] INFO org.springframework.test.context.support.AnnotationConfigContextLoaderUtils -- Could not detect default configuration classes for test class [hhh.web.AdminPanelControllerApiTest]: AdminPanelControllerApiTest does not declare any static, non-private, non-final, nested classes annotated with @Configuration.
23:36:13.087 [main] INFO org.springframework.boot.test.context.SpringBootTestContextBootstrapper -- Found @SpringBootConfiguration hhh.Application for test class hhh.web.AdminPanelControllerApiTest
23:36:13.202 [main] INFO org.springframework.boot.devtools.restart.RestartApplicationListener -- Restart disabled due to context in which it is running

  .   ____          _            __ _ _
 /\\ / ___'_ __ _ _(_)_ __  __ _ \ \ \ \
( ( )\___ | '_ | '_| | '_ \/ _` | \ \ \ \
 \\/  ___)| |_)| | | | | || (_| |  ) ) ) )
  '  |____| .__|_| |_|_| |_\__, | / / / /
 =========|_|==============|___/=/_/_/_/

 :: Spring Boot ::                (v3.4.3)

2025-09-09T23:36:13.506+03:00  INFO 25624 --- [           main] hhh.web.AdminPanelControllerApiTest      : Starting AdminPanelControllerApiTest using Java 21.0.6 with PID 25624 (started by lucky in D:\Programming\JavaWebAdvancedExam)
2025-09-09T23:36:13.507+03:00  INFO 25624 --- [           main] hhh.web.AdminPanelControllerApiTest      : No active profile set, falling back to 1 default profile: "default"
2025-09-09T23:36:14.675+03:00  WARN 25624 --- [           main] r$InitializeUserDetailsManagerConfigurer : Found 2 UserDetailsService beans, with names [inMemoryUserDetailsManager, hhh.user.service.UserService#0]. Global Authentication Manager will not use a UserDetailsService for username/password login. Consider publishing a single UserDetailsService bean.
2025-09-09T23:36:14.860+03:00  INFO 25624 --- [           main] o.s.b.a.w.s.WelcomePageHandlerMapping    : Adding welcome page template: index
2025-09-09T23:36:15.643+03:00  WARN 25624 --- [           main] .s.s.UserDetailsServiceAutoConfiguration : 

Using generated security password: 4c2a2298-776d-4f01-bc0a-e45ec47cffcf

This generated password is for development use only. Your security configuration must be updated before running your application in production.

2025-09-09T23:36:15.741+03:00  INFO 25624 --- [           main] o.s.b.t.m.w.SpringBootMockServletContext : Initializing Spring TestDispatcherServlet ''
2025-09-09T23:36:15.741+03:00  INFO 25624 --- [           main] o.s.t.web.servlet.TestDispatcherServlet  : Initializing Servlet ''
2025-09-09T23:36:15.743+03:00  INFO 25624 --- [           main] o.s.t.web.servlet.TestDispatcherServlet  : Completed initialization in 1 ms
2025-09-09T23:36:15.798+03:00  INFO 25624 --- [           main] hhh.web.AdminPanelControllerApiTest      : Started AdminPanelControllerApiTest in 2.61 seconds (process running for 5.668)
]]></system-out>
  </testcase>
  <testcase name="getReportManagementPanelReturnReportManagementView" classname="hhh.web.AdminPanelControllerApiTest" time="0.251"/>
  <testcase name="getMealCatalogManagementPanelReturnMealCatalogManagementView" classname="hhh.web.AdminPanelControllerApiTest" time="0.014"/>
  <testcase name="getMealsDataPanelReturnMealsDataView" classname="hhh.web.AdminPanelControllerApiTest" time="0.032"/>
  <testcase name="getReportsDataPanelReturnReportsDataView" classname="hhh.web.AdminPanelControllerApiTest" time="0.011"/>
  <testcase name="getCommentsAndUpVotesDataPanelReturnCommentsAndUpVotesDataView" classname="hhh.web.AdminPanelControllerApiTest" time="0.013"/>
  <testcase name="deleteMealCatalogDeleteCatalogAndRedirect" classname="hhh.web.AdminPanelControllerApiTest" time="0.005"/>
  <testcase name="getAdminPanelWithoutAdminRoleBeForbidden" classname="hhh.web.AdminPanelControllerApiTest" time="0.004"/>
  <testcase name="getUserManagementPanelReturnUserManagementView" classname="hhh.web.AdminPanelControllerApiTest" time="0.011"/>
  <testcase name="getMealManagementPanelReturnMealManagementView" classname="hhh.web.AdminPanelControllerApiTest" time="0.013">
    <system-out><![CDATA[
MockHttpServletRequest:
      HTTP Method = GET
      Request URI = /admin_panel/meal_management
       Parameters = {}
          Headers = []
             Body = null
    Session Attrs = {org.springframework.security.web.csrf.HttpSessionCsrfTokenRepository.CSRF_TOKEN=org.springframework.security.web.csrf.DefaultCsrfToken@31b4c003, SPRING_SECURITY_CONTEXT=SecurityContextImpl [Authentication=UsernamePasswordAuthenticationToken [Principal=org.springframework.security.core.userdetails.User [Username=user, Password=[PROTECTED], Enabled=true, AccountNonExpired=true, CredentialsNonExpired=true, AccountNonLocked=true, Granted Authorities=[ADMIN]], Credentials=[PROTECTED], Authenticated=true, Details=null, Granted Authorities=[ADMIN]]]}

Handler:
             Type = hhh.web.AdminPanelController
           Method = hhh.web.AdminPanelController#getMealManagementPanel()

Async:
    Async started = false
     Async result = null

Resolved Exception:
             Type = null

ModelAndView:
        View name = meal_management
             View = null
        Attribute = meals
            value = [hhh.meal.model.Meal@74214ac3]

FlashMap:
       Attributes = null

MockHttpServletResponse:
           Status = 200
    Error message = null
          Headers = [Content-Language:"en", Content-Type:"text/html;charset=UTF-8", X-Content-Type-Options:"nosniff", X-XSS-Protection:"0", Cache-Control:"no-cache, no-store, max-age=0, must-revalidate", Pragma:"no-cache", Expires:"0", X-Frame-Options:"DENY"]
     Content type = text/html;charset=UTF-8
             Body = <!DOCTYPE html>
<html lang="en">
<head>
  <meta charset="UTF-8">
  <meta name="viewport" content="width=device-width, initial-scale=1.0">
  <title>Meal Management</title>
  <link rel="stylesheet" href="/css/admin_panel.css">
  <link rel="stylesheet" href="https://cdnjs.cloudflare.com/ajax/libs/font-awesome/6.0.0-beta3/css/all.min.css">
</head>
<body>

<header>
  <nav>
    <div class="logo">
      <a href="/home">MMM Home</a>
    </div>
    <div class="logo">
      <a href="/meal_catalogs/leaderboard">
        <i class="fas fa-trophy"></i>LIVE Leaderboard <i class="fas fa-trophy"></i>
      </a>
    </div>
    <ul>
      <li><a href="/logout"><i class="fas fa-sign-out-alt"></i> Log Out</a></li>
      <li><a href="/info"><i class="fas fa-info-circle"></i> Info</a></li>
    </ul>
  </nav>
</header>

<div class="dashboard-container">
  <aside class="sidebar">
    <h3>Analytics</h3>
    <div class="menu-item"><a href="/admin_panel/users_data">Users Data</a></div>
    <div class="menu-item"><a href="/admin_panel/meals_data">Meal Catalogs and Meals Data</a></div>
    <div class="menu-item"><a href="/admin_panel/comments_and_up_votes_data">Comments and UpVotes Data</a></div>
    <div class="menu-item"><a href="/admin_panel/reports_data">Reports Data</a></div>
    <h3>Management</h3>
    <div class="menu-item"><a href="/admin_panel/user_management">Users Management</a></div>
    <div class="menu-item"><a href="/admin_panel/meal_catalog_management">Meal Catalogs Management</a></div>
    <div class="menu-item"><a href="/admin_panel/meal_management">Meals Management</a></div>
    <div class="menu-item"><a href="/admin_panel/comment_management">Comments Management</a></div>
    <div class="menu-item"><a href="/admin_panel/report_management">Reports Management</a></div>
  </aside>

  <main class="content">
    <h2>Meal Management</h2>
    <table>
      <thead>
      <tr>
        <th>Owner</th>
        <th>Name</th>
        <th>Description</th>
        <th>Total Calories</th>
        <th>Added On</th>
        <th>Actions</th>
      </tr>
      </thead>
      <tbody>
      <tr>
        <td>testOwner</td>
        <td>Test Meal</td>
        <td>Test Description</td>
        <td>500</td>
        <td>2025-09-09</td>
        <td>
          <form action="/admin_panel/meal_management/delete/e088f1a4-a431-4ecf-a204-f09bd3081ded" method="post"><input type="hidden" name="_csrf" value="JPEOe_KPGdHzvucuE4Tt233XhZkL4YR-RdVe6cCtuLmevanLQMU5SpfpIOTejNFIK6nZ7RznqPgzheBTd-Vt3PfOj4uqjs_8"/><input type="hidden" name="_method" value="DELETE"/>
            <button type="submit" class="btn btn-danger">Delete</button>
          </form>
        </td>
      </tr>
      </tbody>
    </table>
  </main>
</div>

<footer><div>
    <footer class="footer">
        <p>&copy; 2025 Healthy Heroes Hub. All rights reserved.</p>
    </footer>
</div></footer>

</body>
</html>
    Forwarded URL = null
   Redirected URL = null
          Cookies = []
]]></system-out>
  </testcase>
  <testcase name="patchChangeRoleChangeRoleAndRedirect" classname="hhh.web.AdminPanelControllerApiTest" time="0.005"/>
  <testcase name="getAdminPanelReturnAdminPanelView" classname="hhh.web.AdminPanelControllerApiTest" time="0.008"/>
  <testcase name="getCommentManagementPanelReturnCommentManagementView" classname="hhh.web.AdminPanelControllerApiTest" time="0.03"/>
  <testcase name="deleteCommentDeleteCommentAndRedirect" classname="hhh.web.AdminPanelControllerApiTest" time="0.005"/>
  <testcase name="getUsersDataPanelReturnUsersDataView" classname="hhh.web.AdminPanelControllerApiTest" time="0.01"/>
  <testcase name="deleteMealDeleteMealAndRedirect" classname="hhh.web.AdminPanelControllerApiTest" time="0.004"/>
</testsuite>